<?xml version="1.0" encoding="UTF-8"?>
<!-- Generated by org.testng.reporters.JUnitReportReporter -->
<testsuite skipped="0" hostname="DESKTOP-MVNR9PF" name="TestCases.TestCase_1" tests="1" failures="0" timestamp="2022-12-28T01:15:55 IST" time="10.746" errors="0">
  <testcase name="ValidateLogin" time="10.746" classname="TestCases.TestCase_1"/>
  <system-out/>
</testsuite> <!-- TestCases.TestCase_1 -->
