<?xml version="1.0" encoding="UTF-8"?>
<!-- Generated by org.testng.reporters.JUnitReportReporter -->
<testsuite skipped="0" hostname="DESKTOP-MVNR9PF" name="TestCases.TestCase_ForgotPasswordPage" tests="1" failures="0" timestamp="2023-01-05T01:29:58 IST" time="8.024" errors="0">
  <testcase name="ForgotPassword" time="8.024" classname="TestCases.TestCase_ForgotPasswordPage"/>
  <system-out/>
</testsuite> <!-- TestCases.TestCase_ForgotPasswordPage -->
