<?xml version="1.0" encoding="UTF-8"?>
<!-- Generated by org.testng.reporters.JUnitReportReporter -->
<testsuite skipped="0" hostname="DESKTOP-MVNR9PF" name="TestCases.TestCase_PIMPage" tests="1" failures="0" timestamp="2023-01-05T15:09:17 IST" time="29.360" errors="0">
  <testcase name="addEmployee" time="29.360" classname="TestCases.TestCase_PIMPage"/>
  <system-out/>
</testsuite> <!-- TestCases.TestCase_PIMPage -->
