<?xml version="1.0" encoding="UTF-8"?>
<!-- Generated by org.testng.reporters.JUnitReportReporter -->
<testsuite skipped="0" hostname="DESKTOP-MVNR9PF" name="TestCases.TestCase_2" tests="1" failures="0" timestamp="2022-12-28T01:41:26 IST" time="7.695" errors="0">
  <testcase name="ForgotPassword" time="7.695" classname="TestCases.TestCase_2"/>
  <system-out/>
</testsuite> <!-- TestCases.TestCase_2 -->
