<?xml version="1.0" encoding="UTF-8"?>
<!-- Generated by org.testng.reporters.JUnitReportReporter -->
<testsuite skipped="0" hostname="DESKTOP-MVNR9PF" name="TestCases.TestCase_LoginPageAndLgoutPage" tests="1" failures="0" timestamp="2023-01-04T13:37:42 IST" time="10.985" errors="0">
  <testcase name="ValidateLogin" time="10.985" classname="TestCases.TestCase_LoginPageAndLgoutPage"/>
  <system-out/>
</testsuite> <!-- TestCases.TestCase_LoginPageAndLgoutPage -->
