<?xml version="1.0" encoding="UTF-8"?>
<!-- Generated by org.testng.reporters.JUnitReportReporter -->
<testsuite skipped="0" hostname="DESKTOP-MVNR9PF" name="TestCases.TestCase_MyInfoPage" tests="1" failures="0" timestamp="2023-01-05T20:53:19 IST" time="21.279" errors="0">
  <testcase name="inputMyInfoDetails" time="21.279" classname="TestCases.TestCase_MyInfoPage"/>
  <system-out/>
</testsuite> <!-- TestCases.TestCase_MyInfoPage -->
